<?xml version="1.0" encoding="UTF-8"?>
<!-- Generated by org.testng.reporters.JUnitXMLReporter -->
<testsuite ignored="0" hostname="LAPTOP-10D364JD" failures="0" tests="3" name="Test" time="0.088" errors="0" timestamp="06 Jan. 2020 19:17:34 GMT">
  <testcase classname="qaclickacademy.SeleniumTest" name="BrowserAutomation" time="0.02"/>
  <testcase classname="qaclickacademy.RESTAPITest" name="postJira" time="0.001"/>
  <testcase classname="qaclickacademy.AppiumTest" name="NativeAppAndroid" time="0.003"/>
</testsuite> <!-- Test -->
